<html>
<head>
<title>TestNG:  Test</title>
<link href="../testng.css" rel="stylesheet" type="text/css" />
<link href="../my-testng.css" rel="stylesheet" type="text/css" />

<style type="text/css">
.log { display: none;} 
.stack-trace { display: none;} 
</style>
<script type="text/javascript">
<!--
function flip(e) {
  current = e.style.display;
  if (current == 'block') {
    e.style.display = 'none';
    return 0;
  }
  else {
    e.style.display = 'block';
    return 1;
  }
}

function toggleBox(szDivId, elem, msg1, msg2)
{
  var res = -1;  if (document.getElementById) {
    res = flip(document.getElementById(szDivId));
  }
  else if (document.all) {
    // this is the way old msie versions work
    res = flip(document.all[szDivId]);
  }
  if(elem) {
    if(res == 0) elem.innerHTML = msg1; else elem.innerHTML = msg2;
  }

}

function toggleAllBoxes() {
  if (document.getElementsByTagName) {
    d = document.getElementsByTagName('div');
    for (i = 0; i < d.length; i++) {
      if (d[i].className == 'log') {
        flip(d[i]);
      }
    }
  }
}

// -->
</script>

</head>
<body>
<h2 align='center'>Test</h2><table border='1' align="center">
<tr>
<td>Tests passed/Failed/Skipped:</td><td>11/3/0</td>
</tr><tr>
<td>Started on:</td><td>Sat Jun 15 21:05:33 IST 2024</td>
</tr>
<tr><td>Total time:</td><td>373 seconds (373104 ms)</td>
</tr><tr>
<td>Included groups:</td><td></td>
</tr><tr>
<td>Excluded groups:</td><td></td>
</tr>
</table><p/>
<small><i>(Hover the method name to see the test class name)</i></small><p/>
<table width='100%' border='1' class='invocation-failed'>
<tr><td colspan='4' align='center'><b>FAILED TESTS</b></td></tr>
<tr><td><b>Test method</b></td>
<td><b>Attribute(s)</b></td>
<td width="30%"><b>Exception</b></td>
<td width="10%"><b>Time (seconds)</b></td>
<td><b>Instance</b></td>
</tr>
<tr>
<td title='stepsDefination.TestRunner.runScenario()'><b>runScenario</b><br>Test class: stepsDefination.TestRunner<br>Test method: Runs Cucumber Scenarios<br>Parameters: "Verify Error message when user not selected Colour.", "Below test cases are for validate the Create account page."</td>
<td><div><pre>org.openqa.selenium.ElementNotInteractableException: element not interactable
  (Session info: chrome=126.0.6478.62)
Build info: version: &apos;4.21.0&apos;, revision: &apos;79ed462ef4&apos;
System info: os.name: &apos;Windows 10&apos;, os.arch: &apos;amd64&apos;, os.version: &apos;10.0&apos;, java.version: &apos;16.0.1&apos;
Driver info: org.openqa.selenium.chrome.ChromeDriver
Command: [19475f81e03bc33577ff17f907f4b4fe, clickElement {id=f.86609452D37AC97D7EA62FE368ED3133.d.2C65CFBE2BFB749318D020FAF71A3AAF.e.267}]
Capabilities {acceptInsecureCerts: false, browserName: chrome, browserVersion: 126.0.6478.62, chrome: {chromedriverVersion: 126.0.6478.61 (8dc092df54ce..., userDataDir: C:\Users\Hemant\AppData\Loc...}, fedcm:accounts: true, goog:chromeOptions: {debuggerAddress: localhost:53974}, networkConnectionEnabled: false, pageLoadStrategy: normal, platformName: windows, proxy: Proxy(), se:cdp: ws://localhost:53974/devtoo..., se:cdpVersion: 126.0.6478.62, setWindowRect: true, strictFileInteractability: false, timeouts: {implicit: 0, pageLoad: 300000, script: 30000}, unhandledPromptBehavior: dismiss and notify, webauthn:extension:credBlob: true, webauthn:extension:largeBlob: true, webauthn:extension:minPinLength: true, webauthn:extension:prf: true, webauthn:virtualAuthenticators: true}
Element: [[ChromeDriver: chrome on windows (19475f81e03bc33577ff17f907f4b4fe)] -&gt; xpath: //img[@alt=&apos;Proteus Fitness Jackshirt&apos;]]
Session ID: 19475f81e03bc33577ff17f907f4b4fe
	at org.openqa.selenium.remote.ErrorCodec.decode(ErrorCodec.java:167)
	at org.openqa.selenium.remote.codec.w3c.W3CHttpResponseCodec.decode(W3CHttpResponseCodec.java:138)
	at org.openqa.selenium.remote.codec.w3c.W3CHttpResponseCodec.decode(W3CHttpResponseCodec.java:50)
	at org.openqa.selenium.remote.HttpCommandExecutor.execute(HttpCommandExecutor.java:190)
	at org.openqa.selenium.remote.service.DriverCommandExecutor.invokeExecute(DriverCommandExecutor.java:216)
	at org.openqa.selenium.remote.service.DriverCommandExecutor.execute(DriverCommandExecutor.java:174)
	at org.openqa.selenium.remote.RemoteWebDriver.execute(RemoteWebDriver.java:518)
	at org.openqa.selenium.remote.RemoteWebElement.execute(RemoteWebElement.java:223)
	at org.openqa.selenium.remote.RemoteWebElement.click(RemoteWebElement.java:76)
	at keywordDrivenFramework.Keywords.Click(Keywords.java:54)
	at stepsDefination.Account.ClickProduct(Account.java:318)
	at ?.User should click on product image(file:///C:/Users/Hemant/eclipse-workspace/lumaEcommerce/src/test/resources/feature/orderPlaced.feature:68)
... Removed 5 stack frames</pre></div><a href='#' onClick='toggleBox("stack-trace162716758", this, "Click to show all stack frames", "Click to hide stack frames")'>Click to show all stack frames</a>
<div class='stack-trace' id='stack-trace162716758'><pre>org.openqa.selenium.ElementNotInteractableException: element not interactable
  (Session info: chrome=126.0.6478.62)
Build info: version: &apos;4.21.0&apos;, revision: &apos;79ed462ef4&apos;
System info: os.name: &apos;Windows 10&apos;, os.arch: &apos;amd64&apos;, os.version: &apos;10.0&apos;, java.version: &apos;16.0.1&apos;
Driver info: org.openqa.selenium.chrome.ChromeDriver
Command: [19475f81e03bc33577ff17f907f4b4fe, clickElement {id=f.86609452D37AC97D7EA62FE368ED3133.d.2C65CFBE2BFB749318D020FAF71A3AAF.e.267}]
Capabilities {acceptInsecureCerts: false, browserName: chrome, browserVersion: 126.0.6478.62, chrome: {chromedriverVersion: 126.0.6478.61 (8dc092df54ce..., userDataDir: C:\Users\Hemant\AppData\Loc...}, fedcm:accounts: true, goog:chromeOptions: {debuggerAddress: localhost:53974}, networkConnectionEnabled: false, pageLoadStrategy: normal, platformName: windows, proxy: Proxy(), se:cdp: ws://localhost:53974/devtoo..., se:cdpVersion: 126.0.6478.62, setWindowRect: true, strictFileInteractability: false, timeouts: {implicit: 0, pageLoad: 300000, script: 30000}, unhandledPromptBehavior: dismiss and notify, webauthn:extension:credBlob: true, webauthn:extension:largeBlob: true, webauthn:extension:minPinLength: true, webauthn:extension:prf: true, webauthn:virtualAuthenticators: true}
Element: [[ChromeDriver: chrome on windows (19475f81e03bc33577ff17f907f4b4fe)] -&gt; xpath: //img[@alt=&apos;Proteus Fitness Jackshirt&apos;]]
Session ID: 19475f81e03bc33577ff17f907f4b4fe
	at java.base/jdk.internal.reflect.NativeConstructorAccessorImpl.newInstance0(Native Method)
	at java.base/jdk.internal.reflect.NativeConstructorAccessorImpl.newInstance(NativeConstructorAccessorImpl.java:78)
	at java.base/jdk.internal.reflect.DelegatingConstructorAccessorImpl.newInstance(DelegatingConstructorAccessorImpl.java:45)
	at java.base/java.lang.reflect.Constructor.newInstanceWithCaller(Constructor.java:499)
	at java.base/java.lang.reflect.Constructor.newInstance(Constructor.java:480)
	at org.openqa.selenium.remote.ErrorCodec.decode(ErrorCodec.java:167)
	at org.openqa.selenium.remote.codec.w3c.W3CHttpResponseCodec.decode(W3CHttpResponseCodec.java:138)
	at org.openqa.selenium.remote.codec.w3c.W3CHttpResponseCodec.decode(W3CHttpResponseCodec.java:50)
	at org.openqa.selenium.remote.HttpCommandExecutor.execute(HttpCommandExecutor.java:190)
	at org.openqa.selenium.remote.service.DriverCommandExecutor.invokeExecute(DriverCommandExecutor.java:216)
	at org.openqa.selenium.remote.service.DriverCommandExecutor.execute(DriverCommandExecutor.java:174)
	at org.openqa.selenium.remote.RemoteWebDriver.execute(RemoteWebDriver.java:518)
	at org.openqa.selenium.remote.RemoteWebElement.execute(RemoteWebElement.java:223)
	at org.openqa.selenium.remote.RemoteWebElement.click(RemoteWebElement.java:76)
	at keywordDrivenFramework.Keywords.Click(Keywords.java:54)
	at stepsDefination.Account.ClickProduct(Account.java:318)
	at ?.User should click on product image(file:///C:/Users/Hemant/eclipse-workspace/lumaEcommerce/src/test/resources/feature/orderPlaced.feature:68)
</pre></div></td>
<td>39</td>
<td>stepsDefination.TestRunner@42039326</td></tr>
<tr>
<td title='stepsDefination.TestRunner.runScenario()'><b>runScenario</b><br>Test class: stepsDefination.TestRunner<br>Test method: Runs Cucumber Scenarios<br>Parameters: "Verify that the cart icon updates when user click on add to cart button with the item count.", "Below test cases are for validate the Create account page."</td>
<td><div><pre>org.openqa.selenium.ElementNotInteractableException: element not interactable
  (Session info: chrome=126.0.6478.62)
Build info: version: &apos;4.21.0&apos;, revision: &apos;79ed462ef4&apos;
System info: os.name: &apos;Windows 10&apos;, os.arch: &apos;amd64&apos;, os.version: &apos;10.0&apos;, java.version: &apos;16.0.1&apos;
Driver info: org.openqa.selenium.chrome.ChromeDriver
Command: [ceae70635e9ae52eb028f06c95bfefa2, clickElement {id=f.C66BCA54D07FA182B1D932B6AD4F9BFE.d.0493747408C3CB54FD3E9AF2A1688DBE.e.273}]
Capabilities {acceptInsecureCerts: false, browserName: chrome, browserVersion: 126.0.6478.62, chrome: {chromedriverVersion: 126.0.6478.61 (8dc092df54ce..., userDataDir: C:\Users\Hemant\AppData\Loc...}, fedcm:accounts: true, goog:chromeOptions: {debuggerAddress: localhost:53897}, networkConnectionEnabled: false, pageLoadStrategy: normal, platformName: windows, proxy: Proxy(), se:cdp: ws://localhost:53897/devtoo..., se:cdpVersion: 126.0.6478.62, setWindowRect: true, strictFileInteractability: false, timeouts: {implicit: 0, pageLoad: 300000, script: 30000}, unhandledPromptBehavior: dismiss and notify, webauthn:extension:credBlob: true, webauthn:extension:largeBlob: true, webauthn:extension:minPinLength: true, webauthn:extension:prf: true, webauthn:virtualAuthenticators: true}
Element: [[ChromeDriver: chrome on windows (ceae70635e9ae52eb028f06c95bfefa2)] -&gt; xpath: //img[@alt=&apos;Proteus Fitness Jackshirt&apos;]]
Session ID: ceae70635e9ae52eb028f06c95bfefa2
	at org.openqa.selenium.remote.ErrorCodec.decode(ErrorCodec.java:167)
	at org.openqa.selenium.remote.codec.w3c.W3CHttpResponseCodec.decode(W3CHttpResponseCodec.java:138)
	at org.openqa.selenium.remote.codec.w3c.W3CHttpResponseCodec.decode(W3CHttpResponseCodec.java:50)
	at org.openqa.selenium.remote.HttpCommandExecutor.execute(HttpCommandExecutor.java:190)
	at org.openqa.selenium.remote.service.DriverCommandExecutor.invokeExecute(DriverCommandExecutor.java:216)
	at org.openqa.selenium.remote.service.DriverCommandExecutor.execute(DriverCommandExecutor.java:174)
	at org.openqa.selenium.remote.RemoteWebDriver.execute(RemoteWebDriver.java:518)
	at org.openqa.selenium.remote.RemoteWebElement.execute(RemoteWebElement.java:223)
	at org.openqa.selenium.remote.RemoteWebElement.click(RemoteWebElement.java:76)
	at keywordDrivenFramework.Keywords.Click(Keywords.java:54)
	at stepsDefination.Account.ClickProduct(Account.java:318)
	at ?.User should click on product image(file:///C:/Users/Hemant/eclipse-workspace/lumaEcommerce/src/test/resources/feature/orderPlaced.feature:27)
... Removed 5 stack frames</pre></div><a href='#' onClick='toggleBox("stack-trace1763000764", this, "Click to show all stack frames", "Click to hide stack frames")'>Click to show all stack frames</a>
<div class='stack-trace' id='stack-trace1763000764'><pre>org.openqa.selenium.ElementNotInteractableException: element not interactable
  (Session info: chrome=126.0.6478.62)
Build info: version: &apos;4.21.0&apos;, revision: &apos;79ed462ef4&apos;
System info: os.name: &apos;Windows 10&apos;, os.arch: &apos;amd64&apos;, os.version: &apos;10.0&apos;, java.version: &apos;16.0.1&apos;
Driver info: org.openqa.selenium.chrome.ChromeDriver
Command: [ceae70635e9ae52eb028f06c95bfefa2, clickElement {id=f.C66BCA54D07FA182B1D932B6AD4F9BFE.d.0493747408C3CB54FD3E9AF2A1688DBE.e.273}]
Capabilities {acceptInsecureCerts: false, browserName: chrome, browserVersion: 126.0.6478.62, chrome: {chromedriverVersion: 126.0.6478.61 (8dc092df54ce..., userDataDir: C:\Users\Hemant\AppData\Loc...}, fedcm:accounts: true, goog:chromeOptions: {debuggerAddress: localhost:53897}, networkConnectionEnabled: false, pageLoadStrategy: normal, platformName: windows, proxy: Proxy(), se:cdp: ws://localhost:53897/devtoo..., se:cdpVersion: 126.0.6478.62, setWindowRect: true, strictFileInteractability: false, timeouts: {implicit: 0, pageLoad: 300000, script: 30000}, unhandledPromptBehavior: dismiss and notify, webauthn:extension:credBlob: true, webauthn:extension:largeBlob: true, webauthn:extension:minPinLength: true, webauthn:extension:prf: true, webauthn:virtualAuthenticators: true}
Element: [[ChromeDriver: chrome on windows (ceae70635e9ae52eb028f06c95bfefa2)] -&gt; xpath: //img[@alt=&apos;Proteus Fitness Jackshirt&apos;]]
Session ID: ceae70635e9ae52eb028f06c95bfefa2
	at java.base/jdk.internal.reflect.NativeConstructorAccessorImpl.newInstance0(Native Method)
	at java.base/jdk.internal.reflect.NativeConstructorAccessorImpl.newInstance(NativeConstructorAccessorImpl.java:78)
	at java.base/jdk.internal.reflect.DelegatingConstructorAccessorImpl.newInstance(DelegatingConstructorAccessorImpl.java:45)
	at java.base/java.lang.reflect.Constructor.newInstanceWithCaller(Constructor.java:499)
	at java.base/java.lang.reflect.Constructor.newInstance(Constructor.java:480)
	at org.openqa.selenium.remote.ErrorCodec.decode(ErrorCodec.java:167)
	at org.openqa.selenium.remote.codec.w3c.W3CHttpResponseCodec.decode(W3CHttpResponseCodec.java:138)
	at org.openqa.selenium.remote.codec.w3c.W3CHttpResponseCodec.decode(W3CHttpResponseCodec.java:50)
	at org.openqa.selenium.remote.HttpCommandExecutor.execute(HttpCommandExecutor.java:190)
	at org.openqa.selenium.remote.service.DriverCommandExecutor.invokeExecute(DriverCommandExecutor.java:216)
	at org.openqa.selenium.remote.service.DriverCommandExecutor.execute(DriverCommandExecutor.java:174)
	at org.openqa.selenium.remote.RemoteWebDriver.execute(RemoteWebDriver.java:518)
	at org.openqa.selenium.remote.RemoteWebElement.execute(RemoteWebElement.java:223)
	at org.openqa.selenium.remote.RemoteWebElement.click(RemoteWebElement.java:76)
	at keywordDrivenFramework.Keywords.Click(Keywords.java:54)
	at stepsDefination.Account.ClickProduct(Account.java:318)
	at ?.User should click on product image(file:///C:/Users/Hemant/eclipse-workspace/lumaEcommerce/src/test/resources/feature/orderPlaced.feature:27)
</pre></div></td>
<td>21</td>
<td>stepsDefination.TestRunner@42039326</td></tr>
<tr>
<td title='stepsDefination.TestRunner.runScenario()'><b>runScenario</b><br>Test class: stepsDefination.TestRunner<br>Test method: Runs Cucumber Scenarios<br>Parameters: "Verify Error message when user not selected Size.", "Below test cases are for validate the Create account page."</td>
<td><div><pre>org.openqa.selenium.ElementNotInteractableException: element not interactable
  (Session info: chrome=126.0.6478.62)
Build info: version: &apos;4.21.0&apos;, revision: &apos;79ed462ef4&apos;
System info: os.name: &apos;Windows 10&apos;, os.arch: &apos;amd64&apos;, os.version: &apos;10.0&apos;, java.version: &apos;16.0.1&apos;
Driver info: org.openqa.selenium.chrome.ChromeDriver
Command: [d51c99b0629bda9a6aaba212c4bbee1f, clickElement {id=f.86C6B99DA0E0CEFC536C46E9BCC5A3D9.d.285B9E7B573DA2419718B44A9B7B67F8.e.261}]
Capabilities {acceptInsecureCerts: false, browserName: chrome, browserVersion: 126.0.6478.62, chrome: {chromedriverVersion: 126.0.6478.61 (8dc092df54ce..., userDataDir: C:\Users\Hemant\AppData\Loc...}, fedcm:accounts: true, goog:chromeOptions: {debuggerAddress: localhost:53933}, networkConnectionEnabled: false, pageLoadStrategy: normal, platformName: windows, proxy: Proxy(), se:cdp: ws://localhost:53933/devtoo..., se:cdpVersion: 126.0.6478.62, setWindowRect: true, strictFileInteractability: false, timeouts: {implicit: 0, pageLoad: 300000, script: 30000}, unhandledPromptBehavior: dismiss and notify, webauthn:extension:credBlob: true, webauthn:extension:largeBlob: true, webauthn:extension:minPinLength: true, webauthn:extension:prf: true, webauthn:virtualAuthenticators: true}
Element: [[ChromeDriver: chrome on windows (d51c99b0629bda9a6aaba212c4bbee1f)] -&gt; xpath: //img[@alt=&apos;Proteus Fitness Jackshirt&apos;]]
Session ID: d51c99b0629bda9a6aaba212c4bbee1f
	at org.openqa.selenium.remote.ErrorCodec.decode(ErrorCodec.java:167)
	at org.openqa.selenium.remote.codec.w3c.W3CHttpResponseCodec.decode(W3CHttpResponseCodec.java:138)
	at org.openqa.selenium.remote.codec.w3c.W3CHttpResponseCodec.decode(W3CHttpResponseCodec.java:50)
	at org.openqa.selenium.remote.HttpCommandExecutor.execute(HttpCommandExecutor.java:190)
	at org.openqa.selenium.remote.service.DriverCommandExecutor.invokeExecute(DriverCommandExecutor.java:216)
	at org.openqa.selenium.remote.service.DriverCommandExecutor.execute(DriverCommandExecutor.java:174)
	at org.openqa.selenium.remote.RemoteWebDriver.execute(RemoteWebDriver.java:518)
	at org.openqa.selenium.remote.RemoteWebElement.execute(RemoteWebElement.java:223)
	at org.openqa.selenium.remote.RemoteWebElement.click(RemoteWebElement.java:76)
	at keywordDrivenFramework.Keywords.Click(Keywords.java:54)
	at stepsDefination.Account.ClickProduct(Account.java:318)
	at ?.User should click on product image(file:///C:/Users/Hemant/eclipse-workspace/lumaEcommerce/src/test/resources/feature/orderPlaced.feature:47)
... Removed 5 stack frames</pre></div><a href='#' onClick='toggleBox("stack-trace1887965475", this, "Click to show all stack frames", "Click to hide stack frames")'>Click to show all stack frames</a>
<div class='stack-trace' id='stack-trace1887965475'><pre>org.openqa.selenium.ElementNotInteractableException: element not interactable
  (Session info: chrome=126.0.6478.62)
Build info: version: &apos;4.21.0&apos;, revision: &apos;79ed462ef4&apos;
System info: os.name: &apos;Windows 10&apos;, os.arch: &apos;amd64&apos;, os.version: &apos;10.0&apos;, java.version: &apos;16.0.1&apos;
Driver info: org.openqa.selenium.chrome.ChromeDriver
Command: [d51c99b0629bda9a6aaba212c4bbee1f, clickElement {id=f.86C6B99DA0E0CEFC536C46E9BCC5A3D9.d.285B9E7B573DA2419718B44A9B7B67F8.e.261}]
Capabilities {acceptInsecureCerts: false, browserName: chrome, browserVersion: 126.0.6478.62, chrome: {chromedriverVersion: 126.0.6478.61 (8dc092df54ce..., userDataDir: C:\Users\Hemant\AppData\Loc...}, fedcm:accounts: true, goog:chromeOptions: {debuggerAddress: localhost:53933}, networkConnectionEnabled: false, pageLoadStrategy: normal, platformName: windows, proxy: Proxy(), se:cdp: ws://localhost:53933/devtoo..., se:cdpVersion: 126.0.6478.62, setWindowRect: true, strictFileInteractability: false, timeouts: {implicit: 0, pageLoad: 300000, script: 30000}, unhandledPromptBehavior: dismiss and notify, webauthn:extension:credBlob: true, webauthn:extension:largeBlob: true, webauthn:extension:minPinLength: true, webauthn:extension:prf: true, webauthn:virtualAuthenticators: true}
Element: [[ChromeDriver: chrome on windows (d51c99b0629bda9a6aaba212c4bbee1f)] -&gt; xpath: //img[@alt=&apos;Proteus Fitness Jackshirt&apos;]]
Session ID: d51c99b0629bda9a6aaba212c4bbee1f
	at java.base/jdk.internal.reflect.NativeConstructorAccessorImpl.newInstance0(Native Method)
	at java.base/jdk.internal.reflect.NativeConstructorAccessorImpl.newInstance(NativeConstructorAccessorImpl.java:78)
	at java.base/jdk.internal.reflect.DelegatingConstructorAccessorImpl.newInstance(DelegatingConstructorAccessorImpl.java:45)
	at java.base/java.lang.reflect.Constructor.newInstanceWithCaller(Constructor.java:499)
	at java.base/java.lang.reflect.Constructor.newInstance(Constructor.java:480)
	at org.openqa.selenium.remote.ErrorCodec.decode(ErrorCodec.java:167)
	at org.openqa.selenium.remote.codec.w3c.W3CHttpResponseCodec.decode(W3CHttpResponseCodec.java:138)
	at org.openqa.selenium.remote.codec.w3c.W3CHttpResponseCodec.decode(W3CHttpResponseCodec.java:50)
	at org.openqa.selenium.remote.HttpCommandExecutor.execute(HttpCommandExecutor.java:190)
	at org.openqa.selenium.remote.service.DriverCommandExecutor.invokeExecute(DriverCommandExecutor.java:216)
	at org.openqa.selenium.remote.service.DriverCommandExecutor.execute(DriverCommandExecutor.java:174)
	at org.openqa.selenium.remote.RemoteWebDriver.execute(RemoteWebDriver.java:518)
	at org.openqa.selenium.remote.RemoteWebElement.execute(RemoteWebElement.java:223)
	at org.openqa.selenium.remote.RemoteWebElement.click(RemoteWebElement.java:76)
	at keywordDrivenFramework.Keywords.Click(Keywords.java:54)
	at stepsDefination.Account.ClickProduct(Account.java:318)
	at ?.User should click on product image(file:///C:/Users/Hemant/eclipse-workspace/lumaEcommerce/src/test/resources/feature/orderPlaced.feature:47)
</pre></div></td>
<td>23</td>
<td>stepsDefination.TestRunner@42039326</td></tr>
</table><p>
<table width='100%' border='1' class='invocation-passed'>
<tr><td colspan='4' align='center'><b>PASSED TESTS</b></td></tr>
<tr><td><b>Test method</b></td>
<td><b>Attribute(s)</b></td>
<td width="30%"><b>Exception</b></td>
<td width="10%"><b>Time (seconds)</b></td>
<td><b>Instance</b></td>
</tr>
<tr>
<td title='stepsDefination.TestRunner.runScenario()'><b>runScenario</b><br>Test class: stepsDefination.TestRunner<br>Test method: Runs Cucumber Scenarios<br>Parameters: "Verify application behaviour when user enter all information in create account field.", "Below test cases are for validate the Create account page."</td>
<td></td>
<td>25</td>
<td>stepsDefination.TestRunner@42039326</td></tr>
<tr>
<td title='stepsDefination.TestRunner.runScenario()'><b>runScenario</b><br>Test class: stepsDefination.TestRunner<br>Test method: Runs Cucumber Scenarios<br>Parameters: "Verify Error message when password field is blank.", "Below test cases are for validate the Sign in page."</td>
<td></td>
<td>23</td>
<td>stepsDefination.TestRunner@42039326</td></tr>
<tr>
<td title='stepsDefination.TestRunner.runScenario()'><b>runScenario</b><br>Test class: stepsDefination.TestRunner<br>Test method: Runs Cucumber Scenarios<br>Parameters: "Verify Error message when Email field is blank.", "Below test cases are for validate the Create account page."</td>
<td></td>
<td>18</td>
<td>stepsDefination.TestRunner@42039326</td></tr>
<tr>
<td title='stepsDefination.TestRunner.runScenario()'><b>runScenario</b><br>Test class: stepsDefination.TestRunner<br>Test method: Runs Cucumber Scenarios<br>Parameters: "Verify Error message when Password field is blank.", "Below test cases are for validate the Create account page."</td>
<td></td>
<td>18</td>
<td>stepsDefination.TestRunner@42039326</td></tr>
<tr>
<td title='stepsDefination.TestRunner.runScenario()'><b>runScenario</b><br>Test class: stepsDefination.TestRunner<br>Test method: Runs Cucumber Scenarios<br>Parameters: "Verify application behaviour when user enter correct email and password", "Below test cases are for validate the Sign in page."</td>
<td></td>
<td>28</td>
<td>stepsDefination.TestRunner@42039326</td></tr>
<tr>
<td title='stepsDefination.TestRunner.runScenario()'><b>runScenario</b><br>Test class: stepsDefination.TestRunner<br>Test method: Runs Cucumber Scenarios<br>Parameters: "Verify Error message when email field is blank.", "Below test cases are for validate the Sign in page."</td>
<td></td>
<td>35</td>
<td>stepsDefination.TestRunner@42039326</td></tr>
<tr>
<td title='stepsDefination.TestRunner.runScenario()'><b>runScenario</b><br>Test class: stepsDefination.TestRunner<br>Test method: Runs Cucumber Scenarios<br>Parameters: "Verify Error message when Confirm Password field is blank.", "Below test cases are for validate the Create account page."</td>
<td></td>
<td>19</td>
<td>stepsDefination.TestRunner@42039326</td></tr>
<tr>
<td title='stepsDefination.TestRunner.runScenario()'><b>runScenario</b><br>Test class: stepsDefination.TestRunner<br>Test method: Runs Cucumber Scenarios<br>Parameters: "Verify Error message when last name is blank.", "Below test cases are for validate the Create account page."</td>
<td></td>
<td>28</td>
<td>stepsDefination.TestRunner@42039326</td></tr>
<tr>
<td title='stepsDefination.TestRunner.runScenario()'><b>runScenario</b><br>Test class: stepsDefination.TestRunner<br>Test method: Runs Cucumber Scenarios<br>Parameters: "Verify Error message when email & password field is blank.", "Below test cases are for validate the Sign in page."</td>
<td></td>
<td>22</td>
<td>stepsDefination.TestRunner@42039326</td></tr>
<tr>
<td title='stepsDefination.TestRunner.runScenario()'><b>runScenario</b><br>Test class: stepsDefination.TestRunner<br>Test method: Runs Cucumber Scenarios<br>Parameters: "Verify Error message when first name is blank.", "Below test cases are for validate the Create account page."</td>
<td></td>
<td>43</td>
<td>stepsDefination.TestRunner@42039326</td></tr>
<tr>
<td title='stepsDefination.TestRunner.runScenario()'><b>runScenario</b><br>Test class: stepsDefination.TestRunner<br>Test method: Runs Cucumber Scenarios<br>Parameters: "Verify Error message if user enter password in password and confirm password is not same.", "Below test cases are for validate the Create account page."</td>
<td></td>
<td>21</td>
<td>stepsDefination.TestRunner@42039326</td></tr>
</table><p>
</body>
</html>