<!DOCTYPE html>

<html>
  <head>
  <meta charset='utf-8'>
  <title>TestNG reports</title>

    <link type="text/css" href="testng-reports1.css" rel="stylesheet" id="ultra" />
    <link type="text/css" href="testng-reports.css" rel="stylesheet" id="retro" disabled="false"/>
    <script type="text/javascript" src="jquery-3.6.0.min.js"></script>
    <script type="text/javascript" src="testng-reports.js"></script>
    <script type="text/javascript" src="https://www.google.com/jsapi"></script>
    <script type='text/javascript'>
      google.load('visualization', '1', {packages:['table']});
      google.setOnLoadCallback(drawTable);
      var suiteTableInitFunctions = new Array();
      var suiteTableData = new Array();
    </script>
    <!--
      <script type="text/javascript" src="jquery-ui/js/jquery-ui-1.8.16.custom.min.js"></script>
     -->
  </head>

  <body>    <div class="top-banner-root">
      <span class="top-banner-title-font">Test results</span>
      <button id="button" class="button">Switch Retro Theme</button> <!-- button -->
      <br/>
      <span class="top-banner-font-1">1 suite, 3 failed tests</span>
    </div> <!-- top-banner-root -->
    <div class="navigator-root">
      <div class="navigator-suite-header">
        <span>All suites</span>
        <a href="#" title="Collapse/expand all the suites" class="collapse-all-link">
          <img src="collapseall.gif" class="collapse-all-icon">
          </img> <!-- collapse-all-icon -->
        </a> <!-- collapse-all-link -->
      </div> <!-- navigator-suite-header -->
      <div class="suite">
        <div class="rounded-window">
          <div class="suite-header light-rounded-window-top">
            <a href="#" panel-name="suite-Suite" class="navigator-link">
              <span class="suite-name border-failed">Suite</span>
            </a> <!-- navigator-link -->
          </div> <!-- suite-header light-rounded-window-top -->
          <div class="navigator-suite-content">
            <div class="suite-section-title">
              <span>Info</span>
            </div> <!-- suite-section-title -->
            <div class="suite-section-content">
              <ul>
                <li>
                  <a href="#" panel-name="test-xml-Suite" class="navigator-link ">
                    <span>C:\Users\Hemant\eclipse-workspace\lumaEcommerce\testng.xml</span>
                  </a> <!-- navigator-link  -->
                </li>
                <li>
                  <a href="#" panel-name="testlist-Suite" class="navigator-link ">
                    <span class="test-stats">1 test</span>
                  </a> <!-- navigator-link  -->
                </li>
                <li>
                  <a href="#" panel-name="group-Suite" class="navigator-link ">
                    <span>1 group</span>
                  </a> <!-- navigator-link  -->
                </li>
                <li>
                  <a href="#" panel-name="times-Suite" class="navigator-link ">
                    <span>Times</span>
                  </a> <!-- navigator-link  -->
                </li>
                <li>
                  <a href="#" panel-name="reporter-Suite" class="navigator-link ">
                    <span>Reporter output</span>
                  </a> <!-- navigator-link  -->
                </li>
                <li>
                  <a href="#" panel-name="ignored-methods-Suite" class="navigator-link ">
                    <span>Ignored methods</span>
                  </a> <!-- navigator-link  -->
                </li>
                <li>
                  <a href="#" panel-name="chronological-Suite" class="navigator-link ">
                    <span>Chronological view</span>
                  </a> <!-- navigator-link  -->
                </li>
              </ul>
            </div> <!-- suite-section-content -->
            <div class="result-section">
              <div class="suite-section-title">
                <span>Results</span>
              </div> <!-- suite-section-title -->
              <div class="suite-section-content">
                <ul>
                  <li>
                    <span class="method-stats">14 methods, 3 failed,   11 passed</span>
                  </li>
                  <li>
                    <span class="method-list-title failed">Failed methods</span>
                    <span class="show-or-hide-methods failed">
                      <a href="#" panel-name="suite-Suite" class="hide-methods failed suite-Suite"> (hide)</a> <!-- hide-methods failed suite-Suite -->
                      <a href="#" panel-name="suite-Suite" class="show-methods failed suite-Suite"> (show)</a> <!-- show-methods failed suite-Suite -->
                    </span>
                    <div class="method-list-content failed suite-Suite">
                      <span>
                        <img src="failed.png" width="3%"/>
                        <a href="#" panel-name="suite-Suite" title="stepsDefination.TestRunner" class="method navigator-link" hash-for-method="runScenario(&quot;Verify Error message when user not selected Colour.&quot;, &quot;Below test cases are for validate the Create...)">runScenario("Verify Error message when user not selected Colour.", "Below test cases are for validate the Create...)</a> <!-- method navigator-link -->
                      </span>
                      <br/>
                      <span>
                        <img src="failed.png" width="3%"/>
                        <a href="#" panel-name="suite-Suite" title="stepsDefination.TestRunner" class="method navigator-link" hash-for-method="runScenario(&quot;Verify that the cart icon updates when user click on add to cart button with the item count.&quot;, &quot;Bel...)">runScenario("Verify that the cart icon updates when user click on add to cart button with the item count.", "Bel...)</a> <!-- method navigator-link -->
                      </span>
                      <br/>
                      <span>
                        <img src="failed.png" width="3%"/>
                        <a href="#" panel-name="suite-Suite" title="stepsDefination.TestRunner" class="method navigator-link" hash-for-method="runScenario(&quot;Verify Error message when user not selected Size.&quot;, &quot;Below test cases are for validate the Create a...)">runScenario("Verify Error message when user not selected Size.", "Below test cases are for validate the Create a...)</a> <!-- method navigator-link -->
                      </span>
                      <br/>
                    </div> <!-- method-list-content failed suite-Suite -->
                  </li>
                  <li>
                    <span class="method-list-title passed">Passed methods</span>
                    <span class="show-or-hide-methods passed">
                      <a href="#" panel-name="suite-Suite" class="hide-methods passed suite-Suite"> (hide)</a> <!-- hide-methods passed suite-Suite -->
                      <a href="#" panel-name="suite-Suite" class="show-methods passed suite-Suite"> (show)</a> <!-- show-methods passed suite-Suite -->
                    </span>
                    <div class="method-list-content passed suite-Suite">
                      <span>
                        <img src="passed.png" width="3%"/>
                        <a href="#" panel-name="suite-Suite" title="stepsDefination.TestRunner" class="method navigator-link" hash-for-method="runScenario(&quot;Verify application behaviour when user enter all information in create account field.&quot;, &quot;Below test...)">runScenario("Verify application behaviour when user enter all information in create account field.", "Below test...)</a> <!-- method navigator-link -->
                      </span>
                      <br/>
                      <span>
                        <img src="passed.png" width="3%"/>
                        <a href="#" panel-name="suite-Suite" title="stepsDefination.TestRunner" class="method navigator-link" hash-for-method="runScenario(&quot;Verify Error message when password field is blank.&quot;, &quot;Below test cases are for validate the Sign in...)">runScenario("Verify Error message when password field is blank.", "Below test cases are for validate the Sign in...)</a> <!-- method navigator-link -->
                      </span>
                      <br/>
                      <span>
                        <img src="passed.png" width="3%"/>
                        <a href="#" panel-name="suite-Suite" title="stepsDefination.TestRunner" class="method navigator-link" hash-for-method="runScenario(&quot;Verify Error message when Email field is blank.&quot;, &quot;Below test cases are for validate the Create acc...)">runScenario("Verify Error message when Email field is blank.", "Below test cases are for validate the Create acc...)</a> <!-- method navigator-link -->
                      </span>
                      <br/>
                      <span>
                        <img src="passed.png" width="3%"/>
                        <a href="#" panel-name="suite-Suite" title="stepsDefination.TestRunner" class="method navigator-link" hash-for-method="runScenario(&quot;Verify Error message when Password field is blank.&quot;, &quot;Below test cases are for validate the Create ...)">runScenario("Verify Error message when Password field is blank.", "Below test cases are for validate the Create ...)</a> <!-- method navigator-link -->
                      </span>
                      <br/>
                      <span>
                        <img src="passed.png" width="3%"/>
                        <a href="#" panel-name="suite-Suite" title="stepsDefination.TestRunner" class="method navigator-link" hash-for-method="runScenario(&quot;Verify application behaviour when user enter correct email and password&quot;, &quot;Below test cases are for...)">runScenario("Verify application behaviour when user enter correct email and password", "Below test cases are for...)</a> <!-- method navigator-link -->
                      </span>
                      <br/>
                      <span>
                        <img src="passed.png" width="3%"/>
                        <a href="#" panel-name="suite-Suite" title="stepsDefination.TestRunner" class="method navigator-link" hash-for-method="runScenario(&quot;Verify Error message when email field is blank.&quot;, &quot;Below test cases are for validate the Sign in pa...)">runScenario("Verify Error message when email field is blank.", "Below test cases are for validate the Sign in pa...)</a> <!-- method navigator-link -->
                      </span>
                      <br/>
                      <span>
                        <img src="passed.png" width="3%"/>
                        <a href="#" panel-name="suite-Suite" title="stepsDefination.TestRunner" class="method navigator-link" hash-for-method="runScenario(&quot;Verify Error message when Confirm Password field is blank.&quot;, &quot;Below test cases are for validate the...)">runScenario("Verify Error message when Confirm Password field is blank.", "Below test cases are for validate the...)</a> <!-- method navigator-link -->
                      </span>
                      <br/>
                      <span>
                        <img src="passed.png" width="3%"/>
                        <a href="#" panel-name="suite-Suite" title="stepsDefination.TestRunner" class="method navigator-link" hash-for-method="runScenario(&quot;Verify Error message when last name is blank.&quot;, &quot;Below test cases are for validate the Create accou...)">runScenario("Verify Error message when last name is blank.", "Below test cases are for validate the Create accou...)</a> <!-- method navigator-link -->
                      </span>
                      <br/>
                      <span>
                        <img src="passed.png" width="3%"/>
                        <a href="#" panel-name="suite-Suite" title="stepsDefination.TestRunner" class="method navigator-link" hash-for-method="runScenario(&quot;Verify Error message when email &amp; password field is blank.&quot;, &quot;Below test cases are for validate the...)">runScenario("Verify Error message when email & password field is blank.", "Below test cases are for validate the...)</a> <!-- method navigator-link -->
                      </span>
                      <br/>
                      <span>
                        <img src="passed.png" width="3%"/>
                        <a href="#" panel-name="suite-Suite" title="stepsDefination.TestRunner" class="method navigator-link" hash-for-method="runScenario(&quot;Verify Error message when first name is blank.&quot;, &quot;Below test cases are for validate the Create acco...)">runScenario("Verify Error message when first name is blank.", "Below test cases are for validate the Create acco...)</a> <!-- method navigator-link -->
                      </span>
                      <br/>
                      <span>
                        <img src="passed.png" width="3%"/>
                        <a href="#" panel-name="suite-Suite" title="stepsDefination.TestRunner" class="method navigator-link" hash-for-method="runScenario(&quot;Verify Error message if user enter password in password and confirm password is not same.&quot;, &quot;Below ...)">runScenario("Verify Error message if user enter password in password and confirm password is not same.", "Below ...)</a> <!-- method navigator-link -->
                      </span>
                      <br/>
                    </div> <!-- method-list-content passed suite-Suite -->
                  </li>
                </ul>
              </div> <!-- suite-section-content -->
            </div> <!-- result-section -->
          </div> <!-- navigator-suite-content -->
        </div> <!-- rounded-window -->
      </div> <!-- suite -->
    </div> <!-- navigator-root -->
    <div class="wrapper">
      <div class="main-panel-root">
        <div panel-name="suite-Suite" class="panel Suite">
          <div class="suite-Suite-class-failed">
            <div class="main-panel-header rounded-window-top">
              <img src="failed.png"/>
              <span class="class-name">stepsDefination.TestRunner</span>
            </div> <!-- main-panel-header rounded-window-top -->
            <div class="main-panel-content rounded-window-bottom">
              <div class="method">
                <div class="method-content">
                  <a name="runScenario(&quot;Verify Error message when user not selected Colour.&quot;, &quot;Below test cases are for validate the Create...)">
                  </a> <!-- runScenario("Verify Error message when user not selected Colour.", "Below test cases are for validate the Create...) -->
                  <span class="method-name">runScenario</span>
                  <span class="parameters">("Verify Error message when user not selected Colour.","Below test cases are for validate the Create account page.")</span>
                  <div class="stack-trace">org.openqa.selenium.ElementNotInteractableException: element not interactable
  (Session info: chrome=126.0.6478.62)
Build info: version: &apos;4.21.0&apos;, revision: &apos;79ed462ef4&apos;
System info: os.name: &apos;Windows 10&apos;, os.arch: &apos;amd64&apos;, os.version: &apos;10.0&apos;, java.version: &apos;16.0.1&apos;
Driver info: org.openqa.selenium.chrome.ChromeDriver
Command: [19475f81e03bc33577ff17f907f4b4fe, clickElement {id=f.86609452D37AC97D7EA62FE368ED3133.d.2C65CFBE2BFB749318D020FAF71A3AAF.e.267}]
Capabilities {acceptInsecureCerts: false, browserName: chrome, browserVersion: 126.0.6478.62, chrome: {chromedriverVersion: 126.0.6478.61 (8dc092df54ce..., userDataDir: C:\Users\Hemant\AppData\Loc...}, fedcm:accounts: true, goog:chromeOptions: {debuggerAddress: localhost:53974}, networkConnectionEnabled: false, pageLoadStrategy: normal, platformName: windows, proxy: Proxy(), se:cdp: ws://localhost:53974/devtoo..., se:cdpVersion: 126.0.6478.62, setWindowRect: true, strictFileInteractability: false, timeouts: {implicit: 0, pageLoad: 300000, script: 30000}, unhandledPromptBehavior: dismiss and notify, webauthn:extension:credBlob: true, webauthn:extension:largeBlob: true, webauthn:extension:minPinLength: true, webauthn:extension:prf: true, webauthn:virtualAuthenticators: true}
Element: [[ChromeDriver: chrome on windows (19475f81e03bc33577ff17f907f4b4fe)] -&gt; xpath: //img[@alt=&apos;Proteus Fitness Jackshirt&apos;]]
Session ID: 19475f81e03bc33577ff17f907f4b4fe
	at org.openqa.selenium.remote.ErrorCodec.decode(ErrorCodec.java:167)
	at org.openqa.selenium.remote.codec.w3c.W3CHttpResponseCodec.decode(W3CHttpResponseCodec.java:138)
	at org.openqa.selenium.remote.codec.w3c.W3CHttpResponseCodec.decode(W3CHttpResponseCodec.java:50)
	at org.openqa.selenium.remote.HttpCommandExecutor.execute(HttpCommandExecutor.java:190)
	at org.openqa.selenium.remote.service.DriverCommandExecutor.invokeExecute(DriverCommandExecutor.java:216)
	at org.openqa.selenium.remote.service.DriverCommandExecutor.execute(DriverCommandExecutor.java:174)
	at org.openqa.selenium.remote.RemoteWebDriver.execute(RemoteWebDriver.java:518)
	at org.openqa.selenium.remote.RemoteWebElement.execute(RemoteWebElement.java:223)
	at org.openqa.selenium.remote.RemoteWebElement.click(RemoteWebElement.java:76)
	at keywordDrivenFramework.Keywords.Click(Keywords.java:54)
	at stepsDefination.Account.ClickProduct(Account.java:318)
	at ✽.User should click on product image(file:///C:/Users/Hemant/eclipse-workspace/lumaEcommerce/src/test/resources/feature/orderPlaced.feature:68)
... Removed 5 stack frames
</div> <!-- stack-trace -->
                  <em>
(Runs Cucumber Scenarios)                  </em>
                </div> <!-- method-content -->
              </div> <!-- method -->
              <div class="method">
                <div class="method-content">
                  <a name="runScenario(&quot;Verify that the cart icon updates when user click on add to cart button with the item count.&quot;, &quot;Bel...)">
                  </a> <!-- runScenario("Verify that the cart icon updates when user click on add to cart button with the item count.", "Bel...) -->
                  <span class="method-name">runScenario</span>
                  <span class="parameters">("Verify that the cart icon updates when user click on add to cart button with the item count.","Below test cases are for validate the Create account page.")</span>
                  <div class="stack-trace">org.openqa.selenium.ElementNotInteractableException: element not interactable
  (Session info: chrome=126.0.6478.62)
Build info: version: &apos;4.21.0&apos;, revision: &apos;79ed462ef4&apos;
System info: os.name: &apos;Windows 10&apos;, os.arch: &apos;amd64&apos;, os.version: &apos;10.0&apos;, java.version: &apos;16.0.1&apos;
Driver info: org.openqa.selenium.chrome.ChromeDriver
Command: [ceae70635e9ae52eb028f06c95bfefa2, clickElement {id=f.C66BCA54D07FA182B1D932B6AD4F9BFE.d.0493747408C3CB54FD3E9AF2A1688DBE.e.273}]
Capabilities {acceptInsecureCerts: false, browserName: chrome, browserVersion: 126.0.6478.62, chrome: {chromedriverVersion: 126.0.6478.61 (8dc092df54ce..., userDataDir: C:\Users\Hemant\AppData\Loc...}, fedcm:accounts: true, goog:chromeOptions: {debuggerAddress: localhost:53897}, networkConnectionEnabled: false, pageLoadStrategy: normal, platformName: windows, proxy: Proxy(), se:cdp: ws://localhost:53897/devtoo..., se:cdpVersion: 126.0.6478.62, setWindowRect: true, strictFileInteractability: false, timeouts: {implicit: 0, pageLoad: 300000, script: 30000}, unhandledPromptBehavior: dismiss and notify, webauthn:extension:credBlob: true, webauthn:extension:largeBlob: true, webauthn:extension:minPinLength: true, webauthn:extension:prf: true, webauthn:virtualAuthenticators: true}
Element: [[ChromeDriver: chrome on windows (ceae70635e9ae52eb028f06c95bfefa2)] -&gt; xpath: //img[@alt=&apos;Proteus Fitness Jackshirt&apos;]]
Session ID: ceae70635e9ae52eb028f06c95bfefa2
	at org.openqa.selenium.remote.ErrorCodec.decode(ErrorCodec.java:167)
	at org.openqa.selenium.remote.codec.w3c.W3CHttpResponseCodec.decode(W3CHttpResponseCodec.java:138)
	at org.openqa.selenium.remote.codec.w3c.W3CHttpResponseCodec.decode(W3CHttpResponseCodec.java:50)
	at org.openqa.selenium.remote.HttpCommandExecutor.execute(HttpCommandExecutor.java:190)
	at org.openqa.selenium.remote.service.DriverCommandExecutor.invokeExecute(DriverCommandExecutor.java:216)
	at org.openqa.selenium.remote.service.DriverCommandExecutor.execute(DriverCommandExecutor.java:174)
	at org.openqa.selenium.remote.RemoteWebDriver.execute(RemoteWebDriver.java:518)
	at org.openqa.selenium.remote.RemoteWebElement.execute(RemoteWebElement.java:223)
	at org.openqa.selenium.remote.RemoteWebElement.click(RemoteWebElement.java:76)
	at keywordDrivenFramework.Keywords.Click(Keywords.java:54)
	at stepsDefination.Account.ClickProduct(Account.java:318)
	at ✽.User should click on product image(file:///C:/Users/Hemant/eclipse-workspace/lumaEcommerce/src/test/resources/feature/orderPlaced.feature:27)
... Removed 5 stack frames
</div> <!-- stack-trace -->
                  <em>
(Runs Cucumber Scenarios)                  </em>
                </div> <!-- method-content -->
              </div> <!-- method -->
              <div class="method">
                <div class="method-content">
                  <a name="runScenario(&quot;Verify Error message when user not selected Size.&quot;, &quot;Below test cases are for validate the Create a...)">
                  </a> <!-- runScenario("Verify Error message when user not selected Size.", "Below test cases are for validate the Create a...) -->
                  <span class="method-name">runScenario</span>
                  <span class="parameters">("Verify Error message when user not selected Size.","Below test cases are for validate the Create account page.")</span>
                  <div class="stack-trace">org.openqa.selenium.ElementNotInteractableException: element not interactable
  (Session info: chrome=126.0.6478.62)
Build info: version: &apos;4.21.0&apos;, revision: &apos;79ed462ef4&apos;
System info: os.name: &apos;Windows 10&apos;, os.arch: &apos;amd64&apos;, os.version: &apos;10.0&apos;, java.version: &apos;16.0.1&apos;
Driver info: org.openqa.selenium.chrome.ChromeDriver
Command: [d51c99b0629bda9a6aaba212c4bbee1f, clickElement {id=f.86C6B99DA0E0CEFC536C46E9BCC5A3D9.d.285B9E7B573DA2419718B44A9B7B67F8.e.261}]
Capabilities {acceptInsecureCerts: false, browserName: chrome, browserVersion: 126.0.6478.62, chrome: {chromedriverVersion: 126.0.6478.61 (8dc092df54ce..., userDataDir: C:\Users\Hemant\AppData\Loc...}, fedcm:accounts: true, goog:chromeOptions: {debuggerAddress: localhost:53933}, networkConnectionEnabled: false, pageLoadStrategy: normal, platformName: windows, proxy: Proxy(), se:cdp: ws://localhost:53933/devtoo..., se:cdpVersion: 126.0.6478.62, setWindowRect: true, strictFileInteractability: false, timeouts: {implicit: 0, pageLoad: 300000, script: 30000}, unhandledPromptBehavior: dismiss and notify, webauthn:extension:credBlob: true, webauthn:extension:largeBlob: true, webauthn:extension:minPinLength: true, webauthn:extension:prf: true, webauthn:virtualAuthenticators: true}
Element: [[ChromeDriver: chrome on windows (d51c99b0629bda9a6aaba212c4bbee1f)] -&gt; xpath: //img[@alt=&apos;Proteus Fitness Jackshirt&apos;]]
Session ID: d51c99b0629bda9a6aaba212c4bbee1f
	at org.openqa.selenium.remote.ErrorCodec.decode(ErrorCodec.java:167)
	at org.openqa.selenium.remote.codec.w3c.W3CHttpResponseCodec.decode(W3CHttpResponseCodec.java:138)
	at org.openqa.selenium.remote.codec.w3c.W3CHttpResponseCodec.decode(W3CHttpResponseCodec.java:50)
	at org.openqa.selenium.remote.HttpCommandExecutor.execute(HttpCommandExecutor.java:190)
	at org.openqa.selenium.remote.service.DriverCommandExecutor.invokeExecute(DriverCommandExecutor.java:216)
	at org.openqa.selenium.remote.service.DriverCommandExecutor.execute(DriverCommandExecutor.java:174)
	at org.openqa.selenium.remote.RemoteWebDriver.execute(RemoteWebDriver.java:518)
	at org.openqa.selenium.remote.RemoteWebElement.execute(RemoteWebElement.java:223)
	at org.openqa.selenium.remote.RemoteWebElement.click(RemoteWebElement.java:76)
	at keywordDrivenFramework.Keywords.Click(Keywords.java:54)
	at stepsDefination.Account.ClickProduct(Account.java:318)
	at ✽.User should click on product image(file:///C:/Users/Hemant/eclipse-workspace/lumaEcommerce/src/test/resources/feature/orderPlaced.feature:47)
... Removed 5 stack frames
</div> <!-- stack-trace -->
                  <em>
(Runs Cucumber Scenarios)                  </em>
                </div> <!-- method-content -->
              </div> <!-- method -->
            </div> <!-- main-panel-content rounded-window-bottom -->
          </div> <!-- suite-Suite-class-failed -->
          <div class="suite-Suite-class-passed">
            <div class="main-panel-header rounded-window-top">
              <img src="passed.png"/>
              <span class="class-name">stepsDefination.TestRunner</span>
            </div> <!-- main-panel-header rounded-window-top -->
            <div class="main-panel-content rounded-window-bottom">
              <div class="method">
                <div class="method-content">
                  <a name="runScenario(&quot;Verify application behaviour when user enter all information in create account field.&quot;, &quot;Below test...)">
                  </a> <!-- runScenario("Verify application behaviour when user enter all information in create account field.", "Below test...) -->
                  <span class="method-name">runScenario</span>
                  <span class="parameters">("Verify application behaviour when user enter all information in create account field.","Below test cases are for validate the Create account page.")</span>
                  <em>
(Runs Cucumber Scenarios)                  </em>
                </div> <!-- method-content -->
              </div> <!-- method -->
              <div class="method">
                <div class="method-content">
                  <a name="runScenario(&quot;Verify Error message when password field is blank.&quot;, &quot;Below test cases are for validate the Sign in...)">
                  </a> <!-- runScenario("Verify Error message when password field is blank.", "Below test cases are for validate the Sign in...) -->
                  <span class="method-name">runScenario</span>
                  <span class="parameters">("Verify Error message when password field is blank.","Below test cases are for validate the Sign in page.")</span>
                  <em>
(Runs Cucumber Scenarios)                  </em>
                </div> <!-- method-content -->
              </div> <!-- method -->
              <div class="method">
                <div class="method-content">
                  <a name="runScenario(&quot;Verify Error message when Email field is blank.&quot;, &quot;Below test cases are for validate the Create acc...)">
                  </a> <!-- runScenario("Verify Error message when Email field is blank.", "Below test cases are for validate the Create acc...) -->
                  <span class="method-name">runScenario</span>
                  <span class="parameters">("Verify Error message when Email field is blank.","Below test cases are for validate the Create account page.")</span>
                  <em>
(Runs Cucumber Scenarios)                  </em>
                </div> <!-- method-content -->
              </div> <!-- method -->
              <div class="method">
                <div class="method-content">
                  <a name="runScenario(&quot;Verify Error message when Password field is blank.&quot;, &quot;Below test cases are for validate the Create ...)">
                  </a> <!-- runScenario("Verify Error message when Password field is blank.", "Below test cases are for validate the Create ...) -->
                  <span class="method-name">runScenario</span>
                  <span class="parameters">("Verify Error message when Password field is blank.","Below test cases are for validate the Create account page.")</span>
                  <em>
(Runs Cucumber Scenarios)                  </em>
                </div> <!-- method-content -->
              </div> <!-- method -->
              <div class="method">
                <div class="method-content">
                  <a name="runScenario(&quot;Verify application behaviour when user enter correct email and password&quot;, &quot;Below test cases are for...)">
                  </a> <!-- runScenario("Verify application behaviour when user enter correct email and password", "Below test cases are for...) -->
                  <span class="method-name">runScenario</span>
                  <span class="parameters">("Verify application behaviour when user enter correct email and password","Below test cases are for validate the Sign in page.")</span>
                  <em>
(Runs Cucumber Scenarios)                  </em>
                </div> <!-- method-content -->
              </div> <!-- method -->
              <div class="method">
                <div class="method-content">
                  <a name="runScenario(&quot;Verify Error message when email field is blank.&quot;, &quot;Below test cases are for validate the Sign in pa...)">
                  </a> <!-- runScenario("Verify Error message when email field is blank.", "Below test cases are for validate the Sign in pa...) -->
                  <span class="method-name">runScenario</span>
                  <span class="parameters">("Verify Error message when email field is blank.","Below test cases are for validate the Sign in page.")</span>
                  <em>
(Runs Cucumber Scenarios)                  </em>
                </div> <!-- method-content -->
              </div> <!-- method -->
              <div class="method">
                <div class="method-content">
                  <a name="runScenario(&quot;Verify Error message when Confirm Password field is blank.&quot;, &quot;Below test cases are for validate the...)">
                  </a> <!-- runScenario("Verify Error message when Confirm Password field is blank.", "Below test cases are for validate the...) -->
                  <span class="method-name">runScenario</span>
                  <span class="parameters">("Verify Error message when Confirm Password field is blank.","Below test cases are for validate the Create account page.")</span>
                  <em>
(Runs Cucumber Scenarios)                  </em>
                </div> <!-- method-content -->
              </div> <!-- method -->
              <div class="method">
                <div class="method-content">
                  <a name="runScenario(&quot;Verify Error message when last name is blank.&quot;, &quot;Below test cases are for validate the Create accou...)">
                  </a> <!-- runScenario("Verify Error message when last name is blank.", "Below test cases are for validate the Create accou...) -->
                  <span class="method-name">runScenario</span>
                  <span class="parameters">("Verify Error message when last name is blank.","Below test cases are for validate the Create account page.")</span>
                  <em>
(Runs Cucumber Scenarios)                  </em>
                </div> <!-- method-content -->
              </div> <!-- method -->
              <div class="method">
                <div class="method-content">
                  <a name="runScenario(&quot;Verify Error message when email &amp; password field is blank.&quot;, &quot;Below test cases are for validate the...)">
                  </a> <!-- runScenario("Verify Error message when email & password field is blank.", "Below test cases are for validate the...) -->
                  <span class="method-name">runScenario</span>
                  <span class="parameters">("Verify Error message when email & password field is blank.","Below test cases are for validate the Sign in page.")</span>
                  <em>
(Runs Cucumber Scenarios)                  </em>
                </div> <!-- method-content -->
              </div> <!-- method -->
              <div class="method">
                <div class="method-content">
                  <a name="runScenario(&quot;Verify Error message when first name is blank.&quot;, &quot;Below test cases are for validate the Create acco...)">
                  </a> <!-- runScenario("Verify Error message when first name is blank.", "Below test cases are for validate the Create acco...) -->
                  <span class="method-name">runScenario</span>
                  <span class="parameters">("Verify Error message when first name is blank.","Below test cases are for validate the Create account page.")</span>
                  <em>
(Runs Cucumber Scenarios)                  </em>
                </div> <!-- method-content -->
              </div> <!-- method -->
              <div class="method">
                <div class="method-content">
                  <a name="runScenario(&quot;Verify Error message if user enter password in password and confirm password is not same.&quot;, &quot;Below ...)">
                  </a> <!-- runScenario("Verify Error message if user enter password in password and confirm password is not same.", "Below ...) -->
                  <span class="method-name">runScenario</span>
                  <span class="parameters">("Verify Error message if user enter password in password and confirm password is not same.","Below test cases are for validate the Create account page.")</span>
                  <em>
(Runs Cucumber Scenarios)                  </em>
                </div> <!-- method-content -->
              </div> <!-- method -->
            </div> <!-- main-panel-content rounded-window-bottom -->
          </div> <!-- suite-Suite-class-passed -->
        </div> <!-- panel Suite -->
        <div panel-name="test-xml-Suite" class="panel">
          <div class="main-panel-header rounded-window-top">
            <span class="header-content">C:\Users\Hemant\eclipse-workspace\lumaEcommerce\testng.xml</span>
          </div> <!-- main-panel-header rounded-window-top -->
          <div class="main-panel-content rounded-window-bottom">
            <pre>
&lt;?xml version=&quot;1.0&quot; encoding=&quot;UTF-8&quot;?&gt;
&lt;!DOCTYPE suite SYSTEM &quot;https://testng.org/testng-1.0.dtd&quot;&gt;
&lt;suite name=&quot;Suite&quot; guice-stage=&quot;DEVELOPMENT&quot;&gt;
  &lt;test thread-count=&quot;5&quot; name=&quot;Test&quot;&gt;
    &lt;classes&gt;
      &lt;class name=&quot;stepsDefination.TestRunner&quot;/&gt;
    &lt;/classes&gt;
  &lt;/test&gt; &lt;!-- Test --&gt;
&lt;/suite&gt; &lt;!-- Suite --&gt;
            </pre>
          </div> <!-- main-panel-content rounded-window-bottom -->
        </div> <!-- panel -->
        <div panel-name="testlist-Suite" class="panel">
          <div class="main-panel-header rounded-window-top">
            <span class="header-content">Tests for Suite</span>
          </div> <!-- main-panel-header rounded-window-top -->
          <div class="main-panel-content rounded-window-bottom">
            <ul>
              <li>
                <span class="test-name">Test (1 class)</span>
              </li>
            </ul>
          </div> <!-- main-panel-content rounded-window-bottom -->
        </div> <!-- panel -->
        <div panel-name="group-Suite" class="panel">
          <div class="main-panel-header rounded-window-top">
            <span class="header-content">Groups for Suite</span>
          </div> <!-- main-panel-header rounded-window-top -->
          <div class="main-panel-content rounded-window-bottom">
            <div class="test-group">
              <span class="test-group-name">cucumber</span>
              <br/>
              <div class="method-in-group">
                <span class="method-in-group-name">runScenario</span>
                <br/>
              </div> <!-- method-in-group -->
            </div> <!-- test-group -->
          </div> <!-- main-panel-content rounded-window-bottom -->
        </div> <!-- panel -->
        <div panel-name="times-Suite" class="panel">
          <div class="main-panel-header rounded-window-top">
            <span class="header-content">Times for Suite</span>
          </div> <!-- main-panel-header rounded-window-top -->
          <div class="main-panel-content rounded-window-bottom">
            <div class="times-div">
              <script type="text/javascript">
suiteTableInitFunctions.push('tableData_Suite');
function tableData_Suite() {
var data = new google.visualization.DataTable();
data.addColumn('number', 'Number');
data.addColumn('string', 'Method');
data.addColumn('string', 'Class');
data.addColumn('number', 'Time (ms)');
data.addRows(14);
data.setCell(0, 0, 0)
data.setCell(0, 1, 'runScenario')
data.setCell(0, 2, 'stepsDefination.TestRunner')
data.setCell(0, 3, 43839);
data.setCell(1, 0, 1)
data.setCell(1, 1, 'runScenario')
data.setCell(1, 2, 'stepsDefination.TestRunner')
data.setCell(1, 3, 39663);
data.setCell(2, 0, 2)
data.setCell(2, 1, 'runScenario')
data.setCell(2, 2, 'stepsDefination.TestRunner')
data.setCell(2, 3, 35719);
data.setCell(3, 0, 3)
data.setCell(3, 1, 'runScenario')
data.setCell(3, 2, 'stepsDefination.TestRunner')
data.setCell(3, 3, 28904);
data.setCell(4, 0, 4)
data.setCell(4, 1, 'runScenario')
data.setCell(4, 2, 'stepsDefination.TestRunner')
data.setCell(4, 3, 28854);
data.setCell(5, 0, 5)
data.setCell(5, 1, 'runScenario')
data.setCell(5, 2, 'stepsDefination.TestRunner')
data.setCell(5, 3, 25434);
data.setCell(6, 0, 6)
data.setCell(6, 1, 'runScenario')
data.setCell(6, 2, 'stepsDefination.TestRunner')
data.setCell(6, 3, 23918);
data.setCell(7, 0, 7)
data.setCell(7, 1, 'runScenario')
data.setCell(7, 2, 'stepsDefination.TestRunner')
data.setCell(7, 3, 23019);
data.setCell(8, 0, 8)
data.setCell(8, 1, 'runScenario')
data.setCell(8, 2, 'stepsDefination.TestRunner')
data.setCell(8, 3, 22717);
data.setCell(9, 0, 9)
data.setCell(9, 1, 'runScenario')
data.setCell(9, 2, 'stepsDefination.TestRunner')
data.setCell(9, 3, 21705);
data.setCell(10, 0, 10)
data.setCell(10, 1, 'runScenario')
data.setCell(10, 2, 'stepsDefination.TestRunner')
data.setCell(10, 3, 21166);
data.setCell(11, 0, 11)
data.setCell(11, 1, 'runScenario')
data.setCell(11, 2, 'stepsDefination.TestRunner')
data.setCell(11, 3, 19687);
data.setCell(12, 0, 12)
data.setCell(12, 1, 'runScenario')
data.setCell(12, 2, 'stepsDefination.TestRunner')
data.setCell(12, 3, 18487);
data.setCell(13, 0, 13)
data.setCell(13, 1, 'runScenario')
data.setCell(13, 2, 'stepsDefination.TestRunner')
data.setCell(13, 3, 18191);
window.suiteTableData['Suite']= { tableData: data, tableDiv: 'times-div-Suite'}
return data;
}
              </script>
              <span class="suite-total-time">Total running time: 6 minutes</span>
              <div id="times-div-Suite">
              </div> <!-- times-div-Suite -->
            </div> <!-- times-div -->
          </div> <!-- main-panel-content rounded-window-bottom -->
        </div> <!-- panel -->
        <div panel-name="reporter-Suite" class="panel">
          <div class="main-panel-header rounded-window-top">
            <span class="header-content">Reporter output for Suite</span>
          </div> <!-- main-panel-header rounded-window-top -->
          <div class="main-panel-content rounded-window-bottom">
          </div> <!-- main-panel-content rounded-window-bottom -->
        </div> <!-- panel -->
        <div panel-name="ignored-methods-Suite" class="panel">
          <div class="main-panel-header rounded-window-top">
            <span class="header-content">0 ignored methods</span>
          </div> <!-- main-panel-header rounded-window-top -->
          <div class="main-panel-content rounded-window-bottom">
          </div> <!-- main-panel-content rounded-window-bottom -->
        </div> <!-- panel -->
        <div panel-name="chronological-Suite" class="panel">
          <div class="main-panel-header rounded-window-top">
            <span class="header-content">Methods in chronological order</span>
          </div> <!-- main-panel-header rounded-window-top -->
          <div class="main-panel-content rounded-window-bottom">
            <div class="chronological-class">
              <div class="chronological-class-name">stepsDefination.TestRunner</div> <!-- chronological-class-name -->
              <div class="configuration-class before">
                <span class="method-name">setUpClass(org.testng.TestRunner@7ed8b44)</span>
                <span class="method-start">0 ms</span>
              </div> <!-- configuration-class before -->
              <div class="test-method">
                <span class="method-name">runScenario("Verify Error message when first name is blank.", "Below test cases are for validate the Create acco...)</span>
                <span class="method-start">804 ms</span>
              </div> <!-- test-method -->
              <div class="test-method">
                <span class="method-name">runScenario("Verify Error message when last name is blank.", "Below test cases are for validate the Create accou...)</span>
                <span class="method-start">45149 ms</span>
              </div> <!-- test-method -->
              <div class="test-method">
                <span class="method-name">runScenario("Verify Error message when Email field is blank.", "Below test cases are for validate the Create acc...)</span>
                <span class="method-start">74012 ms</span>
              </div> <!-- test-method -->
              <div class="test-method">
                <span class="method-name">runScenario("Verify Error message when Password field is blank.", "Below test cases are for validate the Create ...)</span>
                <span class="method-start">92211 ms</span>
              </div> <!-- test-method -->
              <div class="test-method">
                <span class="method-name">runScenario("Verify Error message when Confirm Password field is blank.", "Below test cases are for validate the...)</span>
                <span class="method-start">110714 ms</span>
              </div> <!-- test-method -->
              <div class="test-method">
                <span class="method-name">runScenario("Verify Error message if user enter password in password and confirm password is not same.", "Below ...)</span>
                <span class="method-start">130403 ms</span>
              </div> <!-- test-method -->
              <div class="test-method">
                <span class="method-name">runScenario("Verify application behaviour when user enter all information in create account field.", "Below test...)</span>
                <span class="method-start">151574 ms</span>
              </div> <!-- test-method -->
              <div class="test-method">
                <img src="failed.png">
                </img>
                <span class="method-name">runScenario("Verify that the cart icon updates when user click on add to cart button with the item count.", "Bel...)</span>
                <span class="method-start">177020 ms</span>
              </div> <!-- test-method -->
              <div class="test-method">
                <img src="failed.png">
                </img>
                <span class="method-name">runScenario("Verify Error message when user not selected Size.", "Below test cases are for validate the Create a...)</span>
                <span class="method-start">198731 ms</span>
              </div> <!-- test-method -->
              <div class="test-method">
                <img src="failed.png">
                </img>
                <span class="method-name">runScenario("Verify Error message when user not selected Colour.", "Below test cases are for validate the Create...)</span>
                <span class="method-start">221773 ms</span>
              </div> <!-- test-method -->
              <div class="test-method">
                <span class="method-name">runScenario("Verify Error message when email field is blank.", "Below test cases are for validate the Sign in pa...)</span>
                <span class="method-start">261706 ms</span>
              </div> <!-- test-method -->
              <div class="test-method">
                <span class="method-name">runScenario("Verify Error message when password field is blank.", "Below test cases are for validate the Sign in...)</span>
                <span class="method-start">297437 ms</span>
              </div> <!-- test-method -->
              <div class="test-method">
                <span class="method-name">runScenario("Verify Error message when email & password field is blank.", "Below test cases are for validate the...)</span>
                <span class="method-start">321360 ms</span>
              </div> <!-- test-method -->
              <div class="test-method">
                <span class="method-name">runScenario("Verify application behaviour when user enter correct email and password", "Below test cases are for...)</span>
                <span class="method-start">344084 ms</span>
              </div> <!-- test-method -->
              <div class="configuration-class after">
                <span class="method-name">tearDownClass</span>
                <span class="method-start">373002 ms</span>
              </div> <!-- configuration-class after -->
          </div> <!-- main-panel-content rounded-window-bottom -->
        </div> <!-- panel -->
      </div> <!-- main-panel-root -->
    </div> <!-- wrapper -->
  </body>
<script type="text/javascript" src="testng-reports2.js"></script>
</html>
