<?xml version="1.0" encoding="UTF-8"?>
<testng-results ignored="0" total="14" passed="11" failed="3" skipped="0">
  <reporter-output>
  </reporter-output>
  <suite started-at="2024-06-15T21:05:33 IST" name="Suite" finished-at="2024-06-15T21:11:46 IST" duration-ms="373104">
    <groups>
      <group name="cucumber">
        <method signature="AbstractTestNGCucumberTests.runScenario(io.cucumber.testng.PickleWrapper,io.cucumber.testng.FeatureWrapper)[pri:0, instance:stepsDefination.TestRunner@42039326]" name="runScenario" class="io.cucumber.testng.AbstractTestNGCucumberTests"/>
      </group> <!-- cucumber -->
    </groups>
    <test started-at="2024-06-15T21:05:33 IST" name="Test" finished-at="2024-06-15T21:11:46 IST" duration-ms="373104">
      <class name="stepsDefination.TestRunner">
        <test-method is-config="true" signature="setUpClass(org.testng.ITestContext)[pri:0, instance:stepsDefination.TestRunner@42039326]" started-at="2024-06-15T21:05:33 IST" name="setUpClass" finished-at="2024-06-15T21:05:34 IST" duration-ms="756" status="PASS">
          <params>
            <param index="0">
              <value>
                <![CDATA[org.testng.TestRunner@7ed8b44]]>
              </value>
            </param>
          </params>
          <reporter-output>
          </reporter-output>
        </test-method> <!-- setUpClass -->
        <test-method signature="runScenario(io.cucumber.testng.PickleWrapper,io.cucumber.testng.FeatureWrapper)[pri:0, instance:stepsDefination.TestRunner@42039326]" started-at="2024-06-15T21:05:34 IST" name="runScenario" description="Runs Cucumber Scenarios" data-provider="scenarios" finished-at="2024-06-15T21:06:18 IST" duration-ms="43839" status="PASS">
          <params>
            <param index="0">
              <value>
                <![CDATA["Verify Error message when first name is blank."]]>
              </value>
            </param>
            <param index="1">
              <value>
                <![CDATA["Below test cases are for validate the Create account page."]]>
              </value>
            </param>
          </params>
          <reporter-output>
          </reporter-output>
        </test-method> <!-- runScenario -->
        <test-method signature="runScenario(io.cucumber.testng.PickleWrapper,io.cucumber.testng.FeatureWrapper)[pri:0, instance:stepsDefination.TestRunner@42039326]" started-at="2024-06-15T21:06:18 IST" name="runScenario" description="Runs Cucumber Scenarios" data-provider="scenarios" finished-at="2024-06-15T21:06:47 IST" duration-ms="28854" status="PASS">
          <params>
            <param index="0">
              <value>
                <![CDATA["Verify Error message when last name is blank."]]>
              </value>
            </param>
            <param index="1">
              <value>
                <![CDATA["Below test cases are for validate the Create account page."]]>
              </value>
            </param>
          </params>
          <reporter-output>
          </reporter-output>
        </test-method> <!-- runScenario -->
        <test-method signature="runScenario(io.cucumber.testng.PickleWrapper,io.cucumber.testng.FeatureWrapper)[pri:0, instance:stepsDefination.TestRunner@42039326]" started-at="2024-06-15T21:06:47 IST" name="runScenario" description="Runs Cucumber Scenarios" data-provider="scenarios" finished-at="2024-06-15T21:07:05 IST" duration-ms="18191" status="PASS">
          <params>
            <param index="0">
              <value>
                <![CDATA["Verify Error message when Email field is blank."]]>
              </value>
            </param>
            <param index="1">
              <value>
                <![CDATA["Below test cases are for validate the Create account page."]]>
              </value>
            </param>
          </params>
          <reporter-output>
          </reporter-output>
        </test-method> <!-- runScenario -->
        <test-method signature="runScenario(io.cucumber.testng.PickleWrapper,io.cucumber.testng.FeatureWrapper)[pri:0, instance:stepsDefination.TestRunner@42039326]" started-at="2024-06-15T21:07:05 IST" name="runScenario" description="Runs Cucumber Scenarios" data-provider="scenarios" finished-at="2024-06-15T21:07:24 IST" duration-ms="18487" status="PASS">
          <params>
            <param index="0">
              <value>
                <![CDATA["Verify Error message when Password field is blank."]]>
              </value>
            </param>
            <param index="1">
              <value>
                <![CDATA["Below test cases are for validate the Create account page."]]>
              </value>
            </param>
          </params>
          <reporter-output>
          </reporter-output>
        </test-method> <!-- runScenario -->
        <test-method signature="runScenario(io.cucumber.testng.PickleWrapper,io.cucumber.testng.FeatureWrapper)[pri:0, instance:stepsDefination.TestRunner@42039326]" started-at="2024-06-15T21:07:24 IST" name="runScenario" description="Runs Cucumber Scenarios" data-provider="scenarios" finished-at="2024-06-15T21:07:44 IST" duration-ms="19687" status="PASS">
          <params>
            <param index="0">
              <value>
                <![CDATA["Verify Error message when Confirm Password field is blank."]]>
              </value>
            </param>
            <param index="1">
              <value>
                <![CDATA["Below test cases are for validate the Create account page."]]>
              </value>
            </param>
          </params>
          <reporter-output>
          </reporter-output>
        </test-method> <!-- runScenario -->
        <test-method signature="runScenario(io.cucumber.testng.PickleWrapper,io.cucumber.testng.FeatureWrapper)[pri:0, instance:stepsDefination.TestRunner@42039326]" started-at="2024-06-15T21:07:44 IST" name="runScenario" description="Runs Cucumber Scenarios" data-provider="scenarios" finished-at="2024-06-15T21:08:05 IST" duration-ms="21166" status="PASS">
          <params>
            <param index="0">
              <value>
                <![CDATA["Verify Error message if user enter password in password and confirm password is not same."]]>
              </value>
            </param>
            <param index="1">
              <value>
                <![CDATA["Below test cases are for validate the Create account page."]]>
              </value>
            </param>
          </params>
          <reporter-output>
          </reporter-output>
        </test-method> <!-- runScenario -->
        <test-method signature="runScenario(io.cucumber.testng.PickleWrapper,io.cucumber.testng.FeatureWrapper)[pri:0, instance:stepsDefination.TestRunner@42039326]" started-at="2024-06-15T21:08:05 IST" name="runScenario" description="Runs Cucumber Scenarios" data-provider="scenarios" finished-at="2024-06-15T21:08:30 IST" duration-ms="25434" status="PASS">
          <params>
            <param index="0">
              <value>
                <![CDATA["Verify application behaviour when user enter all information in create account field."]]>
              </value>
            </param>
            <param index="1">
              <value>
                <![CDATA["Below test cases are for validate the Create account page."]]>
              </value>
            </param>
          </params>
          <reporter-output>
          </reporter-output>
        </test-method> <!-- runScenario -->
        <test-method signature="runScenario(io.cucumber.testng.PickleWrapper,io.cucumber.testng.FeatureWrapper)[pri:0, instance:stepsDefination.TestRunner@42039326]" started-at="2024-06-15T21:08:30 IST" name="runScenario" description="Runs Cucumber Scenarios" data-provider="scenarios" finished-at="2024-06-15T21:08:52 IST" duration-ms="21705" status="FAIL">
          <params>
            <param index="0">
              <value>
                <![CDATA["Verify that the cart icon updates when user click on add to cart button with the item count."]]>
              </value>
            </param>
            <param index="1">
              <value>
                <![CDATA["Below test cases are for validate the Create account page."]]>
              </value>
            </param>
          </params>
          <exception class="org.openqa.selenium.ElementNotInteractableException">
            <message>
              <![CDATA[element not interactable
  (Session info: chrome=126.0.6478.62)
Build info: version: '4.21.0', revision: '79ed462ef4'
System info: os.name: 'Windows 10', os.arch: 'amd64', os.version: '10.0', java.version: '16.0.1'
Driver info: org.openqa.selenium.chrome.ChromeDriver
Command: [ceae70635e9ae52eb028f06c95bfefa2, clickElement {id=f.C66BCA54D07FA182B1D932B6AD4F9BFE.d.0493747408C3CB54FD3E9AF2A1688DBE.e.273}]
Capabilities {acceptInsecureCerts: false, browserName: chrome, browserVersion: 126.0.6478.62, chrome: {chromedriverVersion: 126.0.6478.61 (8dc092df54ce..., userDataDir: C:\Users\Hemant\AppData\Loc...}, fedcm:accounts: true, goog:chromeOptions: {debuggerAddress: localhost:53897}, networkConnectionEnabled: false, pageLoadStrategy: normal, platformName: windows, proxy: Proxy(), se:cdp: ws://localhost:53897/devtoo..., se:cdpVersion: 126.0.6478.62, setWindowRect: true, strictFileInteractability: false, timeouts: {implicit: 0, pageLoad: 300000, script: 30000}, unhandledPromptBehavior: dismiss and notify, webauthn:extension:credBlob: true, webauthn:extension:largeBlob: true, webauthn:extension:minPinLength: true, webauthn:extension:prf: true, webauthn:virtualAuthenticators: true}
Element: [[ChromeDriver: chrome on windows (ceae70635e9ae52eb028f06c95bfefa2)] -> xpath: //img[@alt='Proteus Fitness Jackshirt']]
Session ID: ceae70635e9ae52eb028f06c95bfefa2]]>
            </message>
            <full-stacktrace>
              <![CDATA[org.openqa.selenium.ElementNotInteractableException: element not interactable
  (Session info: chrome=126.0.6478.62)
Build info: version: '4.21.0', revision: '79ed462ef4'
System info: os.name: 'Windows 10', os.arch: 'amd64', os.version: '10.0', java.version: '16.0.1'
Driver info: org.openqa.selenium.chrome.ChromeDriver
Command: [ceae70635e9ae52eb028f06c95bfefa2, clickElement {id=f.C66BCA54D07FA182B1D932B6AD4F9BFE.d.0493747408C3CB54FD3E9AF2A1688DBE.e.273}]
Capabilities {acceptInsecureCerts: false, browserName: chrome, browserVersion: 126.0.6478.62, chrome: {chromedriverVersion: 126.0.6478.61 (8dc092df54ce..., userDataDir: C:\Users\Hemant\AppData\Loc...}, fedcm:accounts: true, goog:chromeOptions: {debuggerAddress: localhost:53897}, networkConnectionEnabled: false, pageLoadStrategy: normal, platformName: windows, proxy: Proxy(), se:cdp: ws://localhost:53897/devtoo..., se:cdpVersion: 126.0.6478.62, setWindowRect: true, strictFileInteractability: false, timeouts: {implicit: 0, pageLoad: 300000, script: 30000}, unhandledPromptBehavior: dismiss and notify, webauthn:extension:credBlob: true, webauthn:extension:largeBlob: true, webauthn:extension:minPinLength: true, webauthn:extension:prf: true, webauthn:virtualAuthenticators: true}
Element: [[ChromeDriver: chrome on windows (ceae70635e9ae52eb028f06c95bfefa2)] -> xpath: //img[@alt='Proteus Fitness Jackshirt']]
Session ID: ceae70635e9ae52eb028f06c95bfefa2
at java.base/jdk.internal.reflect.NativeConstructorAccessorImpl.newInstance0(Native Method)
at java.base/jdk.internal.reflect.NativeConstructorAccessorImpl.newInstance(NativeConstructorAccessorImpl.java:78)
at java.base/jdk.internal.reflect.DelegatingConstructorAccessorImpl.newInstance(DelegatingConstructorAccessorImpl.java:45)
at java.base/java.lang.reflect.Constructor.newInstanceWithCaller(Constructor.java:499)
at java.base/java.lang.reflect.Constructor.newInstance(Constructor.java:480)
at org.openqa.selenium.remote.ErrorCodec.decode(ErrorCodec.java:167)
at org.openqa.selenium.remote.codec.w3c.W3CHttpResponseCodec.decode(W3CHttpResponseCodec.java:138)
at org.openqa.selenium.remote.codec.w3c.W3CHttpResponseCodec.decode(W3CHttpResponseCodec.java:50)
at org.openqa.selenium.remote.HttpCommandExecutor.execute(HttpCommandExecutor.java:190)
at org.openqa.selenium.remote.service.DriverCommandExecutor.invokeExecute(DriverCommandExecutor.java:216)
at org.openqa.selenium.remote.service.DriverCommandExecutor.execute(DriverCommandExecutor.java:174)
at org.openqa.selenium.remote.RemoteWebDriver.execute(RemoteWebDriver.java:518)
at org.openqa.selenium.remote.RemoteWebElement.execute(RemoteWebElement.java:223)
at org.openqa.selenium.remote.RemoteWebElement.click(RemoteWebElement.java:76)
at keywordDrivenFramework.Keywords.Click(Keywords.java:54)
at stepsDefination.Account.ClickProduct(Account.java:318)
at ✽.User should click on product image(file:///C:/Users/Hemant/eclipse-workspace/lumaEcommerce/src/test/resources/feature/orderPlaced.feature:27)
]]>
            </full-stacktrace>
          </exception> <!-- org.openqa.selenium.ElementNotInteractableException -->
          <reporter-output>
          </reporter-output>
        </test-method> <!-- runScenario -->
        <test-method signature="runScenario(io.cucumber.testng.PickleWrapper,io.cucumber.testng.FeatureWrapper)[pri:0, instance:stepsDefination.TestRunner@42039326]" started-at="2024-06-15T21:08:52 IST" name="runScenario" description="Runs Cucumber Scenarios" data-provider="scenarios" finished-at="2024-06-15T21:09:15 IST" duration-ms="23019" status="FAIL">
          <params>
            <param index="0">
              <value>
                <![CDATA["Verify Error message when user not selected Size."]]>
              </value>
            </param>
            <param index="1">
              <value>
                <![CDATA["Below test cases are for validate the Create account page."]]>
              </value>
            </param>
          </params>
          <exception class="org.openqa.selenium.ElementNotInteractableException">
            <message>
              <![CDATA[element not interactable
  (Session info: chrome=126.0.6478.62)
Build info: version: '4.21.0', revision: '79ed462ef4'
System info: os.name: 'Windows 10', os.arch: 'amd64', os.version: '10.0', java.version: '16.0.1'
Driver info: org.openqa.selenium.chrome.ChromeDriver
Command: [d51c99b0629bda9a6aaba212c4bbee1f, clickElement {id=f.86C6B99DA0E0CEFC536C46E9BCC5A3D9.d.285B9E7B573DA2419718B44A9B7B67F8.e.261}]
Capabilities {acceptInsecureCerts: false, browserName: chrome, browserVersion: 126.0.6478.62, chrome: {chromedriverVersion: 126.0.6478.61 (8dc092df54ce..., userDataDir: C:\Users\Hemant\AppData\Loc...}, fedcm:accounts: true, goog:chromeOptions: {debuggerAddress: localhost:53933}, networkConnectionEnabled: false, pageLoadStrategy: normal, platformName: windows, proxy: Proxy(), se:cdp: ws://localhost:53933/devtoo..., se:cdpVersion: 126.0.6478.62, setWindowRect: true, strictFileInteractability: false, timeouts: {implicit: 0, pageLoad: 300000, script: 30000}, unhandledPromptBehavior: dismiss and notify, webauthn:extension:credBlob: true, webauthn:extension:largeBlob: true, webauthn:extension:minPinLength: true, webauthn:extension:prf: true, webauthn:virtualAuthenticators: true}
Element: [[ChromeDriver: chrome on windows (d51c99b0629bda9a6aaba212c4bbee1f)] -> xpath: //img[@alt='Proteus Fitness Jackshirt']]
Session ID: d51c99b0629bda9a6aaba212c4bbee1f]]>
            </message>
            <full-stacktrace>
              <![CDATA[org.openqa.selenium.ElementNotInteractableException: element not interactable
  (Session info: chrome=126.0.6478.62)
Build info: version: '4.21.0', revision: '79ed462ef4'
System info: os.name: 'Windows 10', os.arch: 'amd64', os.version: '10.0', java.version: '16.0.1'
Driver info: org.openqa.selenium.chrome.ChromeDriver
Command: [d51c99b0629bda9a6aaba212c4bbee1f, clickElement {id=f.86C6B99DA0E0CEFC536C46E9BCC5A3D9.d.285B9E7B573DA2419718B44A9B7B67F8.e.261}]
Capabilities {acceptInsecureCerts: false, browserName: chrome, browserVersion: 126.0.6478.62, chrome: {chromedriverVersion: 126.0.6478.61 (8dc092df54ce..., userDataDir: C:\Users\Hemant\AppData\Loc...}, fedcm:accounts: true, goog:chromeOptions: {debuggerAddress: localhost:53933}, networkConnectionEnabled: false, pageLoadStrategy: normal, platformName: windows, proxy: Proxy(), se:cdp: ws://localhost:53933/devtoo..., se:cdpVersion: 126.0.6478.62, setWindowRect: true, strictFileInteractability: false, timeouts: {implicit: 0, pageLoad: 300000, script: 30000}, unhandledPromptBehavior: dismiss and notify, webauthn:extension:credBlob: true, webauthn:extension:largeBlob: true, webauthn:extension:minPinLength: true, webauthn:extension:prf: true, webauthn:virtualAuthenticators: true}
Element: [[ChromeDriver: chrome on windows (d51c99b0629bda9a6aaba212c4bbee1f)] -> xpath: //img[@alt='Proteus Fitness Jackshirt']]
Session ID: d51c99b0629bda9a6aaba212c4bbee1f
at java.base/jdk.internal.reflect.NativeConstructorAccessorImpl.newInstance0(Native Method)
at java.base/jdk.internal.reflect.NativeConstructorAccessorImpl.newInstance(NativeConstructorAccessorImpl.java:78)
at java.base/jdk.internal.reflect.DelegatingConstructorAccessorImpl.newInstance(DelegatingConstructorAccessorImpl.java:45)
at java.base/java.lang.reflect.Constructor.newInstanceWithCaller(Constructor.java:499)
at java.base/java.lang.reflect.Constructor.newInstance(Constructor.java:480)
at org.openqa.selenium.remote.ErrorCodec.decode(ErrorCodec.java:167)
at org.openqa.selenium.remote.codec.w3c.W3CHttpResponseCodec.decode(W3CHttpResponseCodec.java:138)
at org.openqa.selenium.remote.codec.w3c.W3CHttpResponseCodec.decode(W3CHttpResponseCodec.java:50)
at org.openqa.selenium.remote.HttpCommandExecutor.execute(HttpCommandExecutor.java:190)
at org.openqa.selenium.remote.service.DriverCommandExecutor.invokeExecute(DriverCommandExecutor.java:216)
at org.openqa.selenium.remote.service.DriverCommandExecutor.execute(DriverCommandExecutor.java:174)
at org.openqa.selenium.remote.RemoteWebDriver.execute(RemoteWebDriver.java:518)
at org.openqa.selenium.remote.RemoteWebElement.execute(RemoteWebElement.java:223)
at org.openqa.selenium.remote.RemoteWebElement.click(RemoteWebElement.java:76)
at keywordDrivenFramework.Keywords.Click(Keywords.java:54)
at stepsDefination.Account.ClickProduct(Account.java:318)
at ✽.User should click on product image(file:///C:/Users/Hemant/eclipse-workspace/lumaEcommerce/src/test/resources/feature/orderPlaced.feature:47)
]]>
            </full-stacktrace>
          </exception> <!-- org.openqa.selenium.ElementNotInteractableException -->
          <reporter-output>
          </reporter-output>
        </test-method> <!-- runScenario -->
        <test-method signature="runScenario(io.cucumber.testng.PickleWrapper,io.cucumber.testng.FeatureWrapper)[pri:0, instance:stepsDefination.TestRunner@42039326]" started-at="2024-06-15T21:09:15 IST" name="runScenario" description="Runs Cucumber Scenarios" data-provider="scenarios" finished-at="2024-06-15T21:09:55 IST" duration-ms="39663" status="FAIL">
          <params>
            <param index="0">
              <value>
                <![CDATA["Verify Error message when user not selected Colour."]]>
              </value>
            </param>
            <param index="1">
              <value>
                <![CDATA["Below test cases are for validate the Create account page."]]>
              </value>
            </param>
          </params>
          <exception class="org.openqa.selenium.ElementNotInteractableException">
            <message>
              <![CDATA[element not interactable
  (Session info: chrome=126.0.6478.62)
Build info: version: '4.21.0', revision: '79ed462ef4'
System info: os.name: 'Windows 10', os.arch: 'amd64', os.version: '10.0', java.version: '16.0.1'
Driver info: org.openqa.selenium.chrome.ChromeDriver
Command: [19475f81e03bc33577ff17f907f4b4fe, clickElement {id=f.86609452D37AC97D7EA62FE368ED3133.d.2C65CFBE2BFB749318D020FAF71A3AAF.e.267}]
Capabilities {acceptInsecureCerts: false, browserName: chrome, browserVersion: 126.0.6478.62, chrome: {chromedriverVersion: 126.0.6478.61 (8dc092df54ce..., userDataDir: C:\Users\Hemant\AppData\Loc...}, fedcm:accounts: true, goog:chromeOptions: {debuggerAddress: localhost:53974}, networkConnectionEnabled: false, pageLoadStrategy: normal, platformName: windows, proxy: Proxy(), se:cdp: ws://localhost:53974/devtoo..., se:cdpVersion: 126.0.6478.62, setWindowRect: true, strictFileInteractability: false, timeouts: {implicit: 0, pageLoad: 300000, script: 30000}, unhandledPromptBehavior: dismiss and notify, webauthn:extension:credBlob: true, webauthn:extension:largeBlob: true, webauthn:extension:minPinLength: true, webauthn:extension:prf: true, webauthn:virtualAuthenticators: true}
Element: [[ChromeDriver: chrome on windows (19475f81e03bc33577ff17f907f4b4fe)] -> xpath: //img[@alt='Proteus Fitness Jackshirt']]
Session ID: 19475f81e03bc33577ff17f907f4b4fe]]>
            </message>
            <full-stacktrace>
              <![CDATA[org.openqa.selenium.ElementNotInteractableException: element not interactable
  (Session info: chrome=126.0.6478.62)
Build info: version: '4.21.0', revision: '79ed462ef4'
System info: os.name: 'Windows 10', os.arch: 'amd64', os.version: '10.0', java.version: '16.0.1'
Driver info: org.openqa.selenium.chrome.ChromeDriver
Command: [19475f81e03bc33577ff17f907f4b4fe, clickElement {id=f.86609452D37AC97D7EA62FE368ED3133.d.2C65CFBE2BFB749318D020FAF71A3AAF.e.267}]
Capabilities {acceptInsecureCerts: false, browserName: chrome, browserVersion: 126.0.6478.62, chrome: {chromedriverVersion: 126.0.6478.61 (8dc092df54ce..., userDataDir: C:\Users\Hemant\AppData\Loc...}, fedcm:accounts: true, goog:chromeOptions: {debuggerAddress: localhost:53974}, networkConnectionEnabled: false, pageLoadStrategy: normal, platformName: windows, proxy: Proxy(), se:cdp: ws://localhost:53974/devtoo..., se:cdpVersion: 126.0.6478.62, setWindowRect: true, strictFileInteractability: false, timeouts: {implicit: 0, pageLoad: 300000, script: 30000}, unhandledPromptBehavior: dismiss and notify, webauthn:extension:credBlob: true, webauthn:extension:largeBlob: true, webauthn:extension:minPinLength: true, webauthn:extension:prf: true, webauthn:virtualAuthenticators: true}
Element: [[ChromeDriver: chrome on windows (19475f81e03bc33577ff17f907f4b4fe)] -> xpath: //img[@alt='Proteus Fitness Jackshirt']]
Session ID: 19475f81e03bc33577ff17f907f4b4fe
at java.base/jdk.internal.reflect.NativeConstructorAccessorImpl.newInstance0(Native Method)
at java.base/jdk.internal.reflect.NativeConstructorAccessorImpl.newInstance(NativeConstructorAccessorImpl.java:78)
at java.base/jdk.internal.reflect.DelegatingConstructorAccessorImpl.newInstance(DelegatingConstructorAccessorImpl.java:45)
at java.base/java.lang.reflect.Constructor.newInstanceWithCaller(Constructor.java:499)
at java.base/java.lang.reflect.Constructor.newInstance(Constructor.java:480)
at org.openqa.selenium.remote.ErrorCodec.decode(ErrorCodec.java:167)
at org.openqa.selenium.remote.codec.w3c.W3CHttpResponseCodec.decode(W3CHttpResponseCodec.java:138)
at org.openqa.selenium.remote.codec.w3c.W3CHttpResponseCodec.decode(W3CHttpResponseCodec.java:50)
at org.openqa.selenium.remote.HttpCommandExecutor.execute(HttpCommandExecutor.java:190)
at org.openqa.selenium.remote.service.DriverCommandExecutor.invokeExecute(DriverCommandExecutor.java:216)
at org.openqa.selenium.remote.service.DriverCommandExecutor.execute(DriverCommandExecutor.java:174)
at org.openqa.selenium.remote.RemoteWebDriver.execute(RemoteWebDriver.java:518)
at org.openqa.selenium.remote.RemoteWebElement.execute(RemoteWebElement.java:223)
at org.openqa.selenium.remote.RemoteWebElement.click(RemoteWebElement.java:76)
at keywordDrivenFramework.Keywords.Click(Keywords.java:54)
at stepsDefination.Account.ClickProduct(Account.java:318)
at ✽.User should click on product image(file:///C:/Users/Hemant/eclipse-workspace/lumaEcommerce/src/test/resources/feature/orderPlaced.feature:68)
]]>
            </full-stacktrace>
          </exception> <!-- org.openqa.selenium.ElementNotInteractableException -->
          <reporter-output>
          </reporter-output>
        </test-method> <!-- runScenario -->
        <test-method signature="runScenario(io.cucumber.testng.PickleWrapper,io.cucumber.testng.FeatureWrapper)[pri:0, instance:stepsDefination.TestRunner@42039326]" started-at="2024-06-15T21:09:55 IST" name="runScenario" description="Runs Cucumber Scenarios" data-provider="scenarios" finished-at="2024-06-15T21:10:31 IST" duration-ms="35719" status="PASS">
          <params>
            <param index="0">
              <value>
                <![CDATA["Verify Error message when email field is blank."]]>
              </value>
            </param>
            <param index="1">
              <value>
                <![CDATA["Below test cases are for validate the Sign in page."]]>
              </value>
            </param>
          </params>
          <reporter-output>
          </reporter-output>
        </test-method> <!-- runScenario -->
        <test-method signature="runScenario(io.cucumber.testng.PickleWrapper,io.cucumber.testng.FeatureWrapper)[pri:0, instance:stepsDefination.TestRunner@42039326]" started-at="2024-06-15T21:10:31 IST" name="runScenario" description="Runs Cucumber Scenarios" data-provider="scenarios" finished-at="2024-06-15T21:10:55 IST" duration-ms="23918" status="PASS">
          <params>
            <param index="0">
              <value>
                <![CDATA["Verify Error message when password field is blank."]]>
              </value>
            </param>
            <param index="1">
              <value>
                <![CDATA["Below test cases are for validate the Sign in page."]]>
              </value>
            </param>
          </params>
          <reporter-output>
          </reporter-output>
        </test-method> <!-- runScenario -->
        <test-method signature="runScenario(io.cucumber.testng.PickleWrapper,io.cucumber.testng.FeatureWrapper)[pri:0, instance:stepsDefination.TestRunner@42039326]" started-at="2024-06-15T21:10:55 IST" name="runScenario" description="Runs Cucumber Scenarios" data-provider="scenarios" finished-at="2024-06-15T21:11:17 IST" duration-ms="22717" status="PASS">
          <params>
            <param index="0">
              <value>
                <![CDATA["Verify Error message when email & password field is blank."]]>
              </value>
            </param>
            <param index="1">
              <value>
                <![CDATA["Below test cases are for validate the Sign in page."]]>
              </value>
            </param>
          </params>
          <reporter-output>
          </reporter-output>
        </test-method> <!-- runScenario -->
        <test-method signature="runScenario(io.cucumber.testng.PickleWrapper,io.cucumber.testng.FeatureWrapper)[pri:0, instance:stepsDefination.TestRunner@42039326]" started-at="2024-06-15T21:11:17 IST" name="runScenario" description="Runs Cucumber Scenarios" data-provider="scenarios" finished-at="2024-06-15T21:11:46 IST" duration-ms="28904" status="PASS">
          <params>
            <param index="0">
              <value>
                <![CDATA["Verify application behaviour when user enter correct email and password"]]>
              </value>
            </param>
            <param index="1">
              <value>
                <![CDATA["Below test cases are for validate the Sign in page."]]>
              </value>
            </param>
          </params>
          <reporter-output>
          </reporter-output>
        </test-method> <!-- runScenario -->
        <test-method is-config="true" signature="tearDownClass()[pri:0, instance:stepsDefination.TestRunner@42039326]" started-at="2024-06-15T21:11:46 IST" name="tearDownClass" finished-at="2024-06-15T21:11:46 IST" duration-ms="0" status="PASS">
          <reporter-output>
          </reporter-output>
        </test-method> <!-- tearDownClass -->
      </class> <!-- stepsDefination.TestRunner -->
    </test> <!-- Test -->
  </suite> <!-- Suite -->
</testng-results>
